# JRE version: OpenJDK Runtime Environment (19.0) (build 19-internal+0-adhoc.xnn.portola)
# Java VM: OpenJDK 64-Bit Zero VM (19-internal+0-adhoc.xnn.portola, interpreted mode, compressed oops, compressed class ptrs, serial gc, linux-riscv64)
GC Precious Log:
 CardTable entry size: 512
 CPUs: 16 total, 16 available
 Memory: 31896M
 Large Page Support: Disabled
 NUMA Support: Disabled
 Compressed Oops: Enabled (32-bit)
 Heap Min Capacity: 32M
 Heap Initial Capacity: 32M
 Heap Max Capacity: 256M
 Pre-touch: Disabled
Heap:
 def new generation   total 69440K, used 32101K [0x00000000f0000000, 0x00000000f4b50000, 0x00000000f5550000)
  eden space 61760K,  39% used [0x00000000f0000000, 0x00000000f17d9470, 0x00000000f3c50000)
  from space 7680K,  99% used [0x00000000f43d0000, 0x00000000f4b4fff0, 0x00000000f4b50000)
  to   space 7680K,   0% used [0x00000000f3c50000, 0x00000000f3c50000, 0x00000000f43d0000)
 tenured generation   total 154108K, used 117380K [0x00000000f5550000, 0x00000000febcf000, 0x0000000100000000)
   the space 154108K,  76% used [0x00000000f5550000, 0x00000000fc7f1218, 0x00000000fc7f1400, 0x00000000febcf000)
 Metaspace       used 7703K, committed 8000K, reserved 1114112K
  class space    used 723K, committed 832K, reserved 1048576K
GC Heap History (20 events):
Event: 14.332 GC heap before
{Heap before GC invocations=13 (full 0):
 def new generation   total 9792K, used 1087K [0x00000000f0000000, 0x00000000f0aa0000, 0x00000000f5550000)
  eden space 8704K,   0% used [0x00000000f0000000, 0x00000000f0000000, 0x00000000f0880000)
  from space 1088K,  99% used [0x00000000f0990000, 0x00000000f0a9fff8, 0x00000000f0aa0000)
  to   space 1088K,   0% used [0x00000000f0880000, 0x00000000f0880000, 0x00000000f0990000)
 tenured generation   total 24384K, used 24368K [0x00000000f5550000, 0x00000000f6d20000, 0x0000000100000000)
   the space 24384K,  99% used [0x00000000f5550000, 0x00000000f6d1c1b8, 0x00000000f6d1c200, 0x00000000f6d20000)
 Metaspace       used 6106K, committed 6272K, reserved 1114112K
  class space    used 545K, committed 640K, reserved 1048576K
}
Event: 14.346 GC heap after
{Heap after GC invocations=13 (full 1):
 def new generation   total 18368K, used 1087K [0x00000000f0000000, 0x00000000f13e0000, 0x00000000f5550000)
  eden space 16384K,   6% used [0x00000000f0000000, 0x00000000f010fff8, 0x00000000f1000000)
  from space 1984K,   0% used [0x00000000f1000000, 0x00000000f1000000, 0x00000000f11f0000)
  to   space 1984K,   0% used [0x00000000f11f0000, 0x00000000f11f0000, 0x00000000f13e0000)
 tenured generation   total 40616K, used 24368K [0x00000000f5550000, 0x00000000f7cfa000, 0x0000000100000000)
   the space 40616K,  59% used [0x00000000f5550000, 0x00000000f6d1c1b8, 0x00000000f6d1c200, 0x00000000f7cfa000)
 Metaspace       used 6106K, committed 6272K, reserved 1114112K
  class space    used 545K, committed 640K, reserved 1048576K
}
Event: 14.660 GC heap before
{Heap before GC invocations=13 (full 1):
 def new generation   total 18368K, used 16384K [0x00000000f0000000, 0x00000000f13e0000, 0x00000000f5550000)
  eden space 16384K, 100% used [0x00000000f0000000, 0x00000000f1000000, 0x00000000f1000000)
  from space 1984K,   0% used [0x00000000f1000000, 0x00000000f1000000, 0x00000000f11f0000)
  to   space 1984K,   0% used [0x00000000f11f0000, 0x00000000f11f0000, 0x00000000f13e0000)
 tenured generation   total 40616K, used 24368K [0x00000000f5550000, 0x00000000f7cfa000, 0x0000000100000000)
   the space 40616K,  59% used [0x00000000f5550000, 0x00000000f6d1c1b8, 0x00000000f6d1c200, 0x00000000f7cfa000)
 Metaspace       used 6106K, committed 6272K, reserved 1114112K
  class space    used 545K, committed 640K, reserved 1048576K
}
Event: 14.667 GC heap after
{Heap after GC invocations=14 (full 1):
 def new generation   total 18368K, used 1983K [0x00000000f0000000, 0x00000000f13e0000, 0x00000000f5550000)
  eden space 16384K,   0% used [0x00000000f0000000, 0x00000000f0000000, 0x00000000f1000000)
  from space 1984K,  99% used [0x00000000f11f0000, 0x00000000f13dfff8, 0x00000000f13e0000)
  to   space 1984K,   0% used [0x00000000f1000000, 0x00000000f1000000, 0x00000000f11f0000)
 tenured generation   total 40616K, used 31049K [0x00000000f5550000, 0x00000000f7cfa000, 0x0000000100000000)
   the space 40616K,  76% used [0x00000000f5550000, 0x00000000f73a25d8, 0x00000000f73a2600, 0x00000000f7cfa000)
 Metaspace       used 6106K, committed 6272K, reserved 1114112K
  class space    used 545K, committed 640K, reserved 1048576K
}
Event: 15.006 GC heap before
{Heap before GC invocations=14 (full 1):
 def new generation   total 18368K, used 18313K [0x00000000f0000000, 0x00000000f13e0000, 0x00000000f5550000)
  eden space 16384K,  99% used [0x00000000f0000000, 0x00000000f0ff25a8, 0x00000000f1000000)
  from space 1984K,  99% used [0x00000000f11f0000, 0x00000000f13dfff8, 0x00000000f13e0000)
  to   space 1984K,   0% used [0x00000000f1000000, 0x00000000f1000000, 0x00000000f11f0000)
 tenured generation   total 40616K, used 31049K [0x00000000f5550000, 0x00000000f7cfa000, 0x0000000100000000)
   the space 40616K,  76% used [0x00000000f5550000, 0x00000000f73a25d8, 0x00000000f73a2600, 0x00000000f7cfa000)
 Metaspace       used 6106K, committed 6272K, reserved 1114112K
  class space    used 545K, committed 640K, reserved 1048576K
}
Event: 15.011 GC heap after
{Heap after GC invocations=15 (full 1):
 def new generation   total 18368K, used 1984K [0x00000000f0000000, 0x00000000f13e0000, 0x00000000f5550000)
  eden space 16384K,   0% used [0x00000000f0000000, 0x00000000f0000000, 0x00000000f1000000)
  from space 1984K, 100% used [0x00000000f1000000, 0x00000000f11f0000, 0x00000000f11f0000)
  to   space 1984K,   0% used [0x00000000f11f0000, 0x00000000f11f0000, 0x00000000f13e0000)
 tenured generation   total 40616K, used 39176K [0x00000000f5550000, 0x00000000f7cfa000, 0x0000000100000000)
   the space 40616K,  96% used [0x00000000f5550000, 0x00000000f7b92298, 0x00000000f7b92400, 0x00000000f7cfa000)
 Metaspace       used 6106K, committed 6272K, reserved 1114112K
  class space    used 545K, committed 640K, reserved 1048576K
}
Event: 15.407 GC heap before
{Heap before GC invocations=15 (full 1):
 def new generation   total 18368K, used 18368K [0x00000000f0000000, 0x00000000f13e0000, 0x00000000f5550000)
  eden space 16384K, 100% used [0x00000000f0000000, 0x00000000f1000000, 0x00000000f1000000)
  from space 1984K, 100% used [0x00000000f1000000, 0x00000000f11f0000, 0x00000000f11f0000)
  to   space 1984K,   0% used [0x00000000f11f0000, 0x00000000f11f0000, 0x00000000f13e0000)
 tenured generation   total 40616K, used 39176K [0x00000000f5550000, 0x00000000f7cfa000, 0x0000000100000000)
   the space 40616K,  96% used [0x00000000f5550000, 0x00000000f7b92298, 0x00000000f7b92400, 0x00000000f7cfa000)
 Metaspace       used 6106K, committed 6272K, reserved 1114112K
  class space    used 545K, committed 640K, reserved 1048576K
}
Event: 15.412 GC heap after
{Heap after GC invocations=16 (full 1):
 def new generation   total 18368K, used 1983K [0x00000000f0000000, 0x00000000f13e0000, 0x00000000f5550000)
  eden space 16384K,   0% used [0x00000000f0000000, 0x00000000f0000000, 0x00000000f1000000)
  from space 1984K,  99% used [0x00000000f11f0000, 0x00000000f13dfff8, 0x00000000f13e0000)
  to   space 1984K,   0% used [0x00000000f1000000, 0x00000000f1000000, 0x00000000f11f0000)
 tenured generation   total 47528K, used 47392K [0x00000000f5550000, 0x00000000f83ba000, 0x0000000100000000)
   the space 47528K,  99% used [0x00000000f5550000, 0x00000000f8398028, 0x00000000f8398200, 0x00000000f83ba000)
 Metaspace       used 6106K, committed 6272K, reserved 1114112K
  class space    used 545K, committed 640K, reserved 1048576K
}
Event: 15.413 GC heap before
{Heap before GC invocations=16 (full 1):
 def new generation   total 18368K, used 1983K [0x00000000f0000000, 0x00000000f13e0000, 0x00000000f5550000)
  eden space 16384K,   0% used [0x00000000f0000000, 0x00000000f0000000, 0x00000000f1000000)
  from space 1984K,  99% used [0x00000000f11f0000, 0x00000000f13dfff8, 0x00000000f13e0000)
  to   space 1984K,   0% used [0x00000000f1000000, 0x00000000f1000000, 0x00000000f11f0000)
 tenured generation   total 47528K, used 47392K [0x00000000f5550000, 0x00000000f83ba000, 0x0000000100000000)
   the space 47528K,  99% used [0x00000000f5550000, 0x00000000f8398028, 0x00000000f8398200, 0x00000000f83ba000)
 Metaspace       used 6106K, committed 6272K, reserved 1114112K
  class space    used 545K, committed 640K, reserved 1048576K
}
Event: 15.429 GC heap after
{Heap after GC invocations=16 (full 2):
 def new generation   total 35712K, used 1848K [0x00000000f0000000, 0x00000000f26b0000, 0x00000000f5550000)
  eden space 31808K,   5% used [0x00000000f0000000, 0x00000000f01ce020, 0x00000000f1f10000)
  from space 3904K,   0% used [0x00000000f1f10000, 0x00000000f1f10000, 0x00000000f22e0000)
  to   space 3904K,   0% used [0x00000000f22e0000, 0x00000000f22e0000, 0x00000000f26b0000)
 tenured generation   total 79216K, used 47528K [0x00000000f5550000, 0x00000000fa2ac000, 0x0000000100000000)
   the space 79216K,  59% used [0x00000000f5550000, 0x00000000f83ba000, 0x00000000f83ba000, 0x00000000fa2ac000)
 Metaspace       used 6101K, committed 6272K, reserved 1114112K
  class space    used 543K, committed 640K, reserved 1048576K
}
Event: 16.190 GC heap before
{Heap before GC invocations=16 (full 2):
 def new generation   total 35712K, used 31724K [0x00000000f0000000, 0x00000000f26b0000, 0x00000000f5550000)
  eden space 31808K,  99% used [0x00000000f0000000, 0x00000000f1efb350, 0x00000000f1f10000)
  from space 3904K,   0% used [0x00000000f1f10000, 0x00000000f1f10000, 0x00000000f22e0000)
  to   space 3904K,   0% used [0x00000000f22e0000, 0x00000000f22e0000, 0x00000000f26b0000)
 tenured generation   total 79216K, used 47528K [0x00000000f5550000, 0x00000000fa2ac000, 0x0000000100000000)
   the space 79216K,  59% used [0x00000000f5550000, 0x00000000f83ba000, 0x00000000f83ba000, 0x00000000fa2ac000)
 Metaspace       used 6101K, committed 6272K, reserved 1114112K
  class space    used 543K, committed 640K, reserved 1048576K
}
Event: 16.199 GC heap after
{Heap after GC invocations=17 (full 2):
 def new generation   total 35712K, used 3904K [0x00000000f0000000, 0x00000000f26b0000, 0x00000000f5550000)
  eden space 31808K,   0% used [0x00000000f0000000, 0x00000000f0000000, 0x00000000f1f10000)
  from space 3904K, 100% used [0x00000000f22e0000, 0x00000000f26b0000, 0x00000000f26b0000)
  to   space 3904K,   0% used [0x00000000f1f10000, 0x00000000f1f10000, 0x00000000f22e0000)
 tenured generation   total 79216K, used 60550K [0x00000000f5550000, 0x00000000fa2ac000, 0x0000000100000000)
   the space 79216K,  76% used [0x00000000f5550000, 0x00000000f90719f0, 0x00000000f9071a00, 0x00000000fa2ac000)
 Metaspace       used 6101K, committed 6272K, reserved 1114112K
  class space    used 543K, committed 640K, reserved 1048576K
}
Event: 16.944 GC heap before
{Heap before GC invocations=17 (full 2):
 def new generation   total 35712K, used 35712K [0x00000000f0000000, 0x00000000f26b0000, 0x00000000f5550000)
  eden space 31808K, 100% used [0x00000000f0000000, 0x00000000f1f10000, 0x00000000f1f10000)
  from space 3904K, 100% used [0x00000000f22e0000, 0x00000000f26b0000, 0x00000000f26b0000)
  to   space 3904K,   0% used [0x00000000f1f10000, 0x00000000f1f10000, 0x00000000f22e0000)
 tenured generation   total 79216K, used 60550K [0x00000000f5550000, 0x00000000fa2ac000, 0x0000000100000000)
   the space 79216K,  76% used [0x00000000f5550000, 0x00000000f90719f0, 0x00000000f9071a00, 0x00000000fa2ac000)
 Metaspace       used 6101K, committed 6272K, reserved 1114112K
  class space    used 543K, committed 640K, reserved 1048576K
}
Event: 16.953 GC heap after
{Heap after GC invocations=18 (full 2):
 def new generation   total 35712K, used 3903K [0x00000000f0000000, 0x00000000f26b0000, 0x00000000f5550000)
  eden space 31808K,   0% used [0x00000000f0000000, 0x00000000f0000000, 0x00000000f1f10000)
  from space 3904K,  99% used [0x00000000f1f10000, 0x00000000f22dfff8, 0x00000000f22e0000)
  to   space 3904K,   0% used [0x00000000f22e0000, 0x00000000f22e0000, 0x00000000f26b0000)
 tenured generation   total 79216K, used 76416K [0x00000000f5550000, 0x00000000fa2ac000, 0x0000000100000000)
   the space 79216K,  96% used [0x00000000f5550000, 0x00000000f9ff0090, 0x00000000f9ff0200, 0x00000000fa2ac000)
 Metaspace       used 6101K, committed 6272K, reserved 1114112K
  class space    used 543K, committed 640K, reserved 1048576K
}
Event: 17.761 GC heap before
{Heap before GC invocations=18 (full 2):
 def new generation   total 35712K, used 35711K [0x00000000f0000000, 0x00000000f26b0000, 0x00000000f5550000)
  eden space 31808K, 100% used [0x00000000f0000000, 0x00000000f1f10000, 0x00000000f1f10000)
  from space 3904K,  99% used [0x00000000f1f10000, 0x00000000f22dfff8, 0x00000000f22e0000)
  to   space 3904K,   0% used [0x00000000f22e0000, 0x00000000f22e0000, 0x00000000f26b0000)
 tenured generation   total 79216K, used 76416K [0x00000000f5550000, 0x00000000fa2ac000, 0x0000000100000000)
   the space 79216K,  96% used [0x00000000f5550000, 0x00000000f9ff0090, 0x00000000f9ff0200, 0x00000000fa2ac000)
 Metaspace       used 6101K, committed 6272K, reserved 1114112K
  class space    used 543K, committed 640K, reserved 1048576K
}
Event: 17.772 GC heap after
{Heap after GC invocations=19 (full 2):
 def new generation   total 35712K, used 3904K [0x00000000f0000000, 0x00000000f26b0000, 0x00000000f5550000)
  eden space 31808K,   0% used [0x00000000f0000000, 0x00000000f0000000, 0x00000000f1f10000)
  from space 3904K, 100% used [0x00000000f22e0000, 0x00000000f26b0000, 0x00000000f26b0000)
  to   space 3904K,   0% used [0x00000000f1f10000, 0x00000000f1f10000, 0x00000000f22e0000)
 tenured generation   total 92464K, used 92345K [0x00000000f5550000, 0x00000000faf9c000, 0x0000000100000000)
   the space 92464K,  99% used [0x00000000f5550000, 0x00000000faf7e718, 0x00000000faf7e800, 0x00000000faf9c000)
 Metaspace       used 6101K, committed 6272K, reserved 1114112K
  class space    used 543K, committed 640K, reserved 1048576K
}
Event: 17.772 GC heap before
{Heap before GC invocations=19 (full 2):
 def new generation   total 35712K, used 3904K [0x00000000f0000000, 0x00000000f26b0000, 0x00000000f5550000)
  eden space 31808K,   0% used [0x00000000f0000000, 0x00000000f0000000, 0x00000000f1f10000)
  from space 3904K, 100% used [0x00000000f22e0000, 0x00000000f26b0000, 0x00000000f26b0000)
  to   space 3904K,   0% used [0x00000000f1f10000, 0x00000000f1f10000, 0x00000000f22e0000)
 tenured generation   total 92464K, used 92345K [0x00000000f5550000, 0x00000000faf9c000, 0x0000000100000000)
   the space 92464K,  99% used [0x00000000f5550000, 0x00000000faf7e718, 0x00000000faf7e800, 0x00000000faf9c000)
 Metaspace       used 6101K, committed 6272K, reserved 1114112K
  class space    used 543K, committed 640K, reserved 1048576K
}
Event: 17.793 GC heap after
{Heap after GC invocations=19 (full 3):
 def new generation   total 69440K, used 3785K [0x00000000f0000000, 0x00000000f4b50000, 0x00000000f5550000)
  eden space 61760K,   6% used [0x00000000f0000000, 0x00000000f03b2718, 0x00000000f3c50000)
  from space 7680K,   0% used [0x00000000f3c50000, 0x00000000f3c50000, 0x00000000f43d0000)
  to   space 7680K,   0% used [0x00000000f43d0000, 0x00000000f43d0000, 0x00000000f4b50000)
 tenured generation   total 154108K, used 92464K [0x00000000f5550000, 0x00000000febcf000, 0x0000000100000000)
   the space 154108K,  59% used [0x00000000f5550000, 0x00000000faf9c000, 0x00000000faf9c000, 0x00000000febcf000)
 Metaspace       used 6101K, committed 6272K, reserved 1114112K
  class space    used 543K, committed 640K, reserved 1048576K
}
Event: 19.259 GC heap before
{Heap before GC invocations=19 (full 3):
 def new generation   total 69440K, used 61760K [0x00000000f0000000, 0x00000000f4b50000, 0x00000000f5550000)
  eden space 61760K, 100% used [0x00000000f0000000, 0x00000000f3c50000, 0x00000000f3c50000)
  from space 7680K,   0% used [0x00000000f3c50000, 0x00000000f3c50000, 0x00000000f43d0000)
  to   space 7680K,   0% used [0x00000000f43d0000, 0x00000000f43d0000, 0x00000000f4b50000)
 tenured generation   total 154108K, used 92464K [0x00000000f5550000, 0x00000000febcf000, 0x0000000100000000)
   the space 154108K,  59% used [0x00000000f5550000, 0x00000000faf9c000, 0x00000000faf9c000, 0x00000000febcf000)
 Metaspace       used 6108K, committed 6272K, reserved 1114112K
  class space    used 545K, committed 640K, reserved 1048576K
}
Event: 19.278 GC heap after
{Heap after GC invocations=20 (full 3):
 def new generation   total 69440K, used 7679K [0x00000000f0000000, 0x00000000f4b50000, 0x00000000f5550000)
  eden space 61760K,   0% used [0x00000000f0000000, 0x00000000f0000000, 0x00000000f3c50000)
  from space 7680K,  99% used [0x00000000f43d0000, 0x00000000f4b4fff0, 0x00000000f4b50000)
  to   space 7680K,   0% used [0x00000000f3c50000, 0x00000000f3c50000, 0x00000000f43d0000)
 tenured generation   total 154108K, used 117380K [0x00000000f5550000, 0x00000000febcf000, 0x0000000100000000)
   the space 154108K,  76% used [0x00000000f5550000, 0x00000000fc7f1218, 0x00000000fc7f1400, 0x00000000febcf000)
 Metaspace       used 6108K, committed 6272K, reserved 1114112K
  class space    used 545K, committed 640K, reserved 1048576K
}

